<?xml version="1.0" encoding="UTF-8"?>
<!-- Generated by org.testng.reporters.JUnitReportReporter -->
<testsuite skipped="0" hostname="DESKTOP-MEBP75C" name="com.selenium.demo.Testing" tests="1" failures="0" timestamp="2020-06-28T12:58:18 IST" time="0.024" errors="0">
  <testcase name="test" time="0.024" classname="com.selenium.demo.Testing"/>
  <system-out/>
</testsuite> <!-- com.selenium.demo.Testing -->
