<?xml version="1.0" encoding="UTF-8"?>
<!-- Generated by org.testng.reporters.JUnitReportReporter -->
<testsuite skipped="0" hostname="DESKTOP-MEBP75C" name="com.selenium.demo.tests.DragAndDropPageTest" tests="1" failures="0" timestamp="2020-06-29T11:18:35 IST" time="4.798" errors="0">
  <testcase name="testHeaderCheckBox" time="4.798" classname="com.selenium.demo.tests.DragAndDropPageTest"/>
  <system-out/>
</testsuite> <!-- com.selenium.demo.tests.DragAndDropPageTest -->
