<?xml version="1.0" encoding="UTF-8"?>
<!-- Generated by org.testng.reporters.JUnitReportReporter -->
<testsuite skipped="0" hostname="DESKTOP-MEBP75C" name="com.selenium.demo.tests.DragAndDropPageTest" tests="1" failures="0" timestamp="2020-06-29T18:43:43 IST" time="0.023" errors="0">
  <testcase name="testHeaderCheckBox" time="0.023" classname="com.selenium.demo.tests.DragAndDropPageTest"/>
  <system-out/>
</testsuite> <!-- com.selenium.demo.tests.DragAndDropPageTest -->
