<?xml version="1.0" encoding="UTF-8"?>
<!-- Generated by org.testng.reporters.JUnitReportReporter -->
<testsuite skipped="0" hostname="DESKTOP-MEBP75C" name="com.selenium.demo.tests.TestABElements" tests="2" failures="0" timestamp="2020-06-29T18:59:20 IST" time="2.380" errors="0">
  <testcase name="testHeader" time="2.315" classname="com.selenium.demo.tests.TestABElements"/>
  <system-out/>
  <testcase name="testContent" time="0.065" classname="com.selenium.demo.tests.TestABElements"/>
  <system-out/>
</testsuite> <!-- com.selenium.demo.tests.TestABElements -->
