<?xml version="1.0" encoding="UTF-8"?>
<!-- Generated by org.testng.reporters.JUnitReportReporter -->
<testsuite skipped="0" hostname="DESKTOP-MEBP75C" name="com.selenium.demo.tests.TestHomePage" tests="3" failures="0" timestamp="2020-06-29T11:18:35 IST" time="137.760" errors="0">
  <testcase name="testFirstHeader" time="0.725" classname="com.selenium.demo.tests.TestHomePage"/>
  <system-out/>
  <testcase name="testSecondHeader" time="0.533" classname="com.selenium.demo.tests.TestHomePage"/>
  <system-out/>
  <testcase name="tsetClickOnLink" time="136.502" classname="com.selenium.demo.tests.TestHomePage"/>
  <system-out/>
</testsuite> <!-- com.selenium.demo.tests.TestHomePage -->
