<?xml version="1.0" encoding="UTF-8"?>
<!-- Generated by org.testng.reporters.JUnitReportReporter -->
<testsuite skipped="0" hostname="DESKTOP-MEBP75C" name="com.selenium.demo.tests.TestARElements" tests="3" failures="0" timestamp="2020-06-29T18:59:20 IST" time="6.451" errors="0">
  <testcase name="testHeader" time="4.188" classname="com.selenium.demo.tests.TestARElements"/>
  <system-out/>
  <testcase name="testAddButton" time="1.311" classname="com.selenium.demo.tests.TestARElements"/>
  <system-out/>
  <testcase name="testDelButton" time="0.952" classname="com.selenium.demo.tests.TestARElements"/>
  <system-out/>
</testsuite> <!-- com.selenium.demo.tests.TestARElements -->
