<?xml version="1.0" encoding="UTF-8"?>
<!-- Generated by org.testng.reporters.JUnitReportReporter -->
<testsuite skipped="0" hostname="DESKTOP-MEBP75C" name="com.selenium.demo.tests.TestARElements" tests="3" failures="0" timestamp="2020-06-29T11:18:35 IST" time="6.634" errors="0">
  <testcase name="testHeader" time="2.704" classname="com.selenium.demo.tests.TestARElements"/>
  <system-out/>
  <testcase name="testAddButton" time="2.047" classname="com.selenium.demo.tests.TestARElements"/>
  <system-out/>
  <testcase name="testDelButton" time="1.883" classname="com.selenium.demo.tests.TestARElements"/>
  <system-out/>
</testsuite> <!-- com.selenium.demo.tests.TestARElements -->
