<?xml version="1.0" encoding="UTF-8"?>
<!-- Generated by org.testng.reporters.JUnitReportReporter -->
<testsuite skipped="0" hostname="DESKTOP-MEBP75C" name="com.selenium.demo.tests.DropDownPageTest" tests="4" failures="0" timestamp="2020-06-29T11:18:34 IST" time="8.416" errors="0">
  <testcase name="testHeaderOfDropDown" time="3.015" classname="com.selenium.demo.tests.DropDownPageTest"/>
  <system-out/>
  <testcase name="testdefaultValue" time="1.639" classname="com.selenium.demo.tests.DropDownPageTest"/>
  <system-out/>
  <testcase name="testOption1" time="1.858" classname="com.selenium.demo.tests.DropDownPageTest"/>
  <system-out/>
  <testcase name="testOption2" time="1.904" classname="com.selenium.demo.tests.DropDownPageTest"/>
  <system-out/>
</testsuite> <!-- com.selenium.demo.tests.DropDownPageTest -->
