<?xml version="1.0" encoding="UTF-8"?>
<!-- Generated by org.testng.reporters.JUnitReportReporter -->
<testsuite skipped="0" hostname="DESKTOP-MEBP75C" name="com.selenium.demo.tests.CheckBoxPageTest" tests="3" failures="0" timestamp="2020-06-29T11:18:35 IST" time="5.888" errors="0">
  <testcase name="testHeaderCheckBox" time="2.506" classname="com.selenium.demo.tests.CheckBoxPageTest"/>
  <system-out/>
  <testcase name="testfrstCheckBox" time="1.815" classname="com.selenium.demo.tests.CheckBoxPageTest"/>
  <system-out/>
  <testcase name="testSecndCheckBox" time="1.567" classname="com.selenium.demo.tests.CheckBoxPageTest"/>
  <system-out/>
</testsuite> <!-- com.selenium.demo.tests.CheckBoxPageTest -->
