<?xml version="1.0" encoding="UTF-8"?>
<!-- Generated by org.testng.reporters.JUnitReportReporter -->
<testsuite skipped="0" hostname="DESKTOP-MEBP75C" name="com.selenium.demo.tests.ContextMenuPageTest" tests="4" failures="0" timestamp="2020-06-29T11:18:35 IST" time="12.185" errors="0">
  <testcase name="testHeaderCheckBox" time="3.751" classname="com.selenium.demo.tests.ContextMenuPageTest"/>
  <system-out/>
  <testcase name="testfrstStmt" time="1.531" classname="com.selenium.demo.tests.ContextMenuPageTest"/>
  <system-out/>
  <testcase name="testSecndCheckBox" time="1.538" classname="com.selenium.demo.tests.ContextMenuPageTest"/>
  <system-out/>
  <testcase name="testAlertBox" time="5.365" classname="com.selenium.demo.tests.ContextMenuPageTest"/>
  <system-out/>
</testsuite> <!-- com.selenium.demo.tests.ContextMenuPageTest -->
