<?xml version="1.0" encoding="UTF-8"?>
<!-- Generated by org.testng.reporters.JUnitReportReporter -->
<testsuite skipped="0" hostname="DESKTOP-MEBP75C" name="com.selenium.demo.tests.CheckBoxPageTest" tests="3" failures="0" timestamp="2020-06-29T18:59:20 IST" time="4.162" errors="0">
  <testcase name="testHeaderCheckBox" time="3.640" classname="com.selenium.demo.tests.CheckBoxPageTest"/>
  <system-out/>
  <testcase name="testfrstCheckBox" time="0.454" classname="com.selenium.demo.tests.CheckBoxPageTest"/>
  <system-out/>
  <testcase name="testSecndCheckBox" time="0.068" classname="com.selenium.demo.tests.CheckBoxPageTest"/>
  <system-out/>
</testsuite> <!-- com.selenium.demo.tests.CheckBoxPageTest -->
