<?xml version="1.0" encoding="UTF-8"?>
<!-- Generated by org.testng.reporters.JUnitReportReporter -->
<testsuite skipped="0" hostname="DESKTOP-MEBP75C" name="com.selenium.demo.tests.ContextMenuPageTest" tests="4" failures="0" timestamp="2020-06-29T18:59:20 IST" time="12.342" errors="0">
  <testcase name="testHeaderCheckBox" time="10.533" classname="com.selenium.demo.tests.ContextMenuPageTest"/>
  <system-out/>
  <testcase name="testfrstStmt" time="0.162" classname="com.selenium.demo.tests.ContextMenuPageTest"/>
  <system-out/>
  <testcase name="testSecndContent" time="0.065" classname="com.selenium.demo.tests.ContextMenuPageTest"/>
  <system-out/>
  <testcase name="testAlertBox" time="1.582" classname="com.selenium.demo.tests.ContextMenuPageTest"/>
  <system-out/>
</testsuite> <!-- com.selenium.demo.tests.ContextMenuPageTest -->
