<?xml version="1.0" encoding="UTF-8"?>
<!-- Generated by org.testng.reporters.JUnitReportReporter -->
<testsuite skipped="1" hostname="DESKTOP-MEBP75C" name="com.selenium.demo.tests.BasicAuthTest" tests="1" failures="0" timestamp="2020-06-30T11:39:12 IST" time="0.000" errors="0">
  <testcase name="sucessTestAuthontication" time="0.000" classname="com.selenium.demo.tests.BasicAuthTest">
    <skipped/>
  </testcase> <!-- sucessTestAuthontication -->
  <system-out/>
</testsuite> <!-- com.selenium.demo.tests.BasicAuthTest -->
