<?xml version="1.0" encoding="UTF-8"?>
<!-- Generated by org.testng.reporters.JUnitReportReporter -->
<testsuite skipped="0" hostname="DESKTOP-MEBP75C" name="com.selenium.demo.tests.BasicAuthTest" tests="1" failures="0" timestamp="2020-06-29T11:18:35 IST" time="6.542" errors="0">
  <testcase name="sucessTestAuthontication" time="6.542" classname="com.selenium.demo.tests.BasicAuthTest"/>
  <system-out/>
</testsuite> <!-- com.selenium.demo.tests.BasicAuthTest -->
