<?xml version="1.0" encoding="UTF-8"?>
<!-- Generated by org.testng.reporters.JUnitReportReporter -->
<testsuite skipped="0" hostname="DESKTOP-MEBP75C" name="com.selenium.demo.tests.TestHomePage" tests="3" failures="0" timestamp="2020-06-29T18:59:20 IST" time="223.325" errors="0">
  <testcase name="testFirstHeader" time="1.339" classname="com.selenium.demo.tests.TestHomePage"/>
  <system-out/>
  <testcase name="testSecondHeader" time="0.253" classname="com.selenium.demo.tests.TestHomePage"/>
  <system-out/>
  <testcase name="tsetClickOnLink" time="221.733" classname="com.selenium.demo.tests.TestHomePage"/>
  <system-out/>
</testsuite> <!-- com.selenium.demo.tests.TestHomePage -->
