<?xml version="1.0" encoding="UTF-8"?>
<!-- Generated by org.testng.reporters.JUnitReportReporter -->
<testsuite skipped="0" hostname="DESKTOP-MEBP75C" name="com.selenium.demo.tests.DropDownPageTest" tests="4" failures="0" timestamp="2020-06-29T18:59:20 IST" time="16.202" errors="0">
  <testcase name="testHeaderOfDropDown" time="13.156" classname="com.selenium.demo.tests.DropDownPageTest"/>
  <system-out/>
  <testcase name="testdefaultValue" time="1.407" classname="com.selenium.demo.tests.DropDownPageTest"/>
  <system-out/>
  <testcase name="testOption1" time="1.162" classname="com.selenium.demo.tests.DropDownPageTest"/>
  <system-out/>
  <testcase name="testOption2" time="0.477" classname="com.selenium.demo.tests.DropDownPageTest"/>
  <system-out/>
</testsuite> <!-- com.selenium.demo.tests.DropDownPageTest -->
